# JRE version: Java(TM) SE Runtime Environment (7.0_80-b15) (build 1.7.0_80-b15)
# Java VM: Java HotSpot(TM) 64-Bit Server VM (24.80-b11 mixed mode linux-amd64 compressed oops)
Heap
 PSYoungGen      total 231936K, used 58622K [0x00000000eaa80000, 0x0000000100000000, 0x0000000100000000)
  eden space 115712K, 0% used [0x00000000eaa80000,0x00000000eaa80000,0x00000000f1b80000)
  from space 116224K, 50% used [0x00000000f1b80000,0x00000000f54bf9c0,0x00000000f8d00000)
  to   space 116224K, 0% used [0x00000000f8e80000,0x00000000f8e80000,0x0000000100000000)
 ParOldGen       total 643584K, used 643392K [0x00000000c0000000, 0x00000000e7480000, 0x00000000eaa80000)
  object space 643584K, 99% used [0x00000000c0000000,0x00000000e7450140,0x00000000e7480000)
 PSPermGen       total 21504K, used 5887K [0x00000000bae00000, 0x00000000bc300000, 0x00000000c0000000)
  object space 21504K, 27% used [0x00000000bae00000,0x00000000bb3bfd28,0x00000000bc300000)
GC Heap History (10 events):
Event: 51.539 GC heap after
Heap after GC invocations=47 (full 6):
 PSYoungGen      total 233472K, used 95228K [0x00000000eaa80000, 0x0000000100000000, 0x0000000100000000)
  eden space 117248K, 0% used [0x00000000eaa80000,0x00000000eaa80000,0x00000000f1d00000)
  from space 116224K, 81% used [0x00000000f1d00000,0x00000000f79ff3d0,0x00000000f8e80000)
  to   space 116224K, 0% used [0x00000000f8e80000,0x00000000f8e80000,0x0000000100000000)
 ParOldGen       total 643584K, used 570087K [0x00000000c0000000, 0x00000000e7480000, 0x00000000eaa80000)
  object space 643584K, 88% used [0x00000000c0000000,0x00000000e2cb9c88,0x00000000e7480000)
 PSPermGen       total 21504K, used 5886K [0x00000000bae00000, 0x00000000bc300000, 0x00000000c0000000)
  object space 21504K, 27% used [0x00000000bae00000,0x00000000bb3bfb28,0x00000000bc300000)
}
Event: 51.888 GC heap before
{Heap before GC invocations=48 (full 6):
 PSYoungGen      total 233472K, used 212476K [0x00000000eaa80000, 0x0000000100000000, 0x0000000100000000)
  eden space 117248K, 100% used [0x00000000eaa80000,0x00000000f1d00000,0x00000000f1d00000)
  from space 116224K, 81% used [0x00000000f1d00000,0x00000000f79ff3d0,0x00000000f8e80000)
  to   space 116224K, 0% used [0x00000000f8e80000,0x00000000f8e80000,0x0000000100000000)
 ParOldGen       total 643584K, used 570087K [0x00000000c0000000, 0x00000000e7480000, 0x00000000eaa80000)
  object space 643584K, 88% used [0x00000000c0000000,0x00000000e2cb9c88,0x00000000e7480000)
 PSPermGen       total 21504K, used 5887K [0x00000000bae00000, 0x00000000bc300000, 0x00000000c0000000)
  object space 21504K, 27% used [0x00000000bae00000,0x00000000bb3bfc50,0x00000000bc300000)
Event: 52.059 GC heap after
Heap after GC invocations=48 (full 6):
 PSYoungGen      total 233472K, used 60492K [0x00000000eaa80000, 0x0000000100000000, 0x0000000100000000)
  eden space 117248K, 0% used [0x00000000eaa80000,0x00000000eaa80000,0x00000000f1d00000)
  from space 116224K, 52% used [0x00000000f8e80000,0x00000000fc9933e0,0x0000000100000000)
  to   space 116224K, 0% used [0x00000000f1d00000,0x00000000f1d00000,0x00000000f8e80000)
 ParOldGen       total 643584K, used 585860K [0x00000000c0000000, 0x00000000e7480000, 0x00000000eaa80000)
  object space 643584K, 91% used [0x00000000c0000000,0x00000000e3c211a8,0x00000000e7480000)
 PSPermGen       total 21504K, used 5887K [0x00000000bae00000, 0x00000000bc300000, 0x00000000c0000000)
  object space 21504K, 27% used [0x00000000bae00000,0x00000000bb3bfc50,0x00000000bc300000)
}
Event: 52.558 GC heap before
{Heap before GC invocations=49 (full 6):
 PSYoungGen      total 233472K, used 177740K [0x00000000eaa80000, 0x0000000100000000, 0x0000000100000000)
  eden space 117248K, 100% used [0x00000000eaa80000,0x00000000f1d00000,0x00000000f1d00000)
  from space 116224K, 52% used [0x00000000f8e80000,0x00000000fc9933e0,0x0000000100000000)
  to   space 116224K, 0% used [0x00000000f1d00000,0x00000000f1d00000,0x00000000f8e80000)
 ParOldGen       total 643584K, used 585860K [0x00000000c0000000, 0x00000000e7480000, 0x00000000eaa80000)
  object space 643584K, 91% used [0x00000000c0000000,0x00000000e3c211a8,0x00000000e7480000)
 PSPermGen       total 21504K, used 5887K [0x00000000bae00000, 0x00000000bc300000, 0x00000000c0000000)
  object space 21504K, 27% used [0x00000000bae00000,0x00000000bb3bfd30,0x00000000bc300000)
Event: 52.797 GC heap after
Heap after GC invocations=49 (full 6):
 PSYoungGen      total 184832K, used 67210K [0x00000000eaa80000, 0x00000000ffd00000, 0x0000000100000000)
  eden space 117248K, 0% used [0x00000000eaa80000,0x00000000eaa80000,0x00000000f1d00000)
  from space 67584K, 99% used [0x00000000f1d00000,0x00000000f5ea2bb8,0x00000000f5f00000)
  to   space 114688K, 0% used [0x00000000f8d00000,0x00000000f8d00000,0x00000000ffd00000)
 ParOldGen       total 643584K, used 602021K [0x00000000c0000000, 0x00000000e7480000, 0x00000000eaa80000)
  object space 643584K, 93% used [0x00000000c0000000,0x00000000e4be9440,0x00000000e7480000)
 PSPermGen       total 21504K, used 5887K [0x00000000bae00000, 0x00000000bc300000, 0x00000000c0000000)
  object space 21504K, 27% used [0x00000000bae00000,0x00000000bb3bfd30,0x00000000bc300000)
}
Event: 53.245 GC heap before
{Heap before GC invocations=50 (full 6):
 PSYoungGen      total 184832K, used 184458K [0x00000000eaa80000, 0x00000000ffd00000, 0x0000000100000000)
  eden space 117248K, 100% used [0x00000000eaa80000,0x00000000f1d00000,0x00000000f1d00000)
  from space 67584K, 99% used [0x00000000f1d00000,0x00000000f5ea2bb8,0x00000000f5f00000)
  to   space 114688K, 0% used [0x00000000f8d00000,0x00000000f8d00000,0x00000000ffd00000)
 ParOldGen       total 643584K, used 602021K [0x00000000c0000000, 0x00000000e7480000, 0x00000000eaa80000)
  object space 643584K, 93% used [0x00000000c0000000,0x00000000e4be9440,0x00000000e7480000)
 PSPermGen       total 21504K, used 5887K [0x00000000bae00000, 0x00000000bc300000, 0x00000000c0000000)
  object space 21504K, 27% used [0x00000000bae00000,0x00000000bb3bfe08,0x00000000bc300000)
Event: 53.395 GC heap after
Heap after GC invocations=50 (full 6):
 PSYoungGen      total 230400K, used 85099K [0x00000000eaa80000, 0x0000000100000000, 0x0000000100000000)
  eden space 115712K, 0% used [0x00000000eaa80000,0x00000000eaa80000,0x00000000f1b80000)
  from space 114688K, 74% used [0x00000000f8d00000,0x00000000fe01ad88,0x00000000ffd00000)
  to   space 116224K, 0% used [0x00000000f1b80000,0x00000000f1b80000,0x00000000f8d00000)
 ParOldGen       total 643584K, used 602021K [0x00000000c0000000, 0x00000000e7480000, 0x00000000eaa80000)
  object space 643584K, 93% used [0x00000000c0000000,0x00000000e4be9440,0x00000000e7480000)
 PSPermGen       total 21504K, used 5887K [0x00000000bae00000, 0x00000000bc300000, 0x00000000c0000000)
  object space 21504K, 27% used [0x00000000bae00000,0x00000000bb3bfe08,0x00000000bc300000)
}
Event: 53.860 GC heap before
{Heap before GC invocations=51 (full 6):
 PSYoungGen      total 230400K, used 200811K [0x00000000eaa80000, 0x0000000100000000, 0x0000000100000000)
  eden space 115712K, 100% used [0x00000000eaa80000,0x00000000f1b80000,0x00000000f1b80000)
  from space 114688K, 74% used [0x00000000f8d00000,0x00000000fe01ad88,0x00000000ffd00000)
  to   space 116224K, 0% used [0x00000000f1b80000,0x00000000f1b80000,0x00000000f8d00000)
 ParOldGen       total 643584K, used 602021K [0x00000000c0000000, 0x00000000e7480000, 0x00000000eaa80000)
  object space 643584K, 93% used [0x00000000c0000000,0x00000000e4be9440,0x00000000e7480000)
 PSPermGen       total 21504K, used 5887K [0x00000000bae00000, 0x00000000bc300000, 0x00000000c0000000)
  object space 21504K, 27% used [0x00000000bae00000,0x00000000bb3bfe08,0x00000000bc300000)
Event: 54.064 GC heap after
Heap after GC invocations=51 (full 6):
 PSYoungGen      total 231936K, used 87004K [0x00000000eaa80000, 0x0000000100000000, 0x0000000100000000)
  eden space 115712K, 0% used [0x00000000eaa80000,0x00000000eaa80000,0x00000000f1b80000)
  from space 116224K, 74% used [0x00000000f1b80000,0x00000000f7077060,0x00000000f8d00000)
  to   space 116224K, 0% used [0x00000000f8e80000,0x00000000f8e80000,0x0000000100000000)
 ParOldGen       total 643584K, used 619672K [0x00000000c0000000, 0x00000000e7480000, 0x00000000eaa80000)
  object space 643584K, 96% used [0x00000000c0000000,0x00000000e5d26168,0x00000000e7480000)
 PSPermGen       total 21504K, used 5887K [0x00000000bae00000, 0x00000000bc300000, 0x00000000c0000000)
  object space 21504K, 27% used [0x00000000bae00000,0x00000000bb3bfe08,0x00000000bc300000)
}
Event: 54.064 GC heap before
{Heap before GC invocations=52 (full 7):
 PSYoungGen      total 231936K, used 87004K [0x00000000eaa80000, 0x0000000100000000, 0x0000000100000000)
  eden space 115712K, 0% used [0x00000000eaa80000,0x00000000eaa80000,0x00000000f1b80000)
  from space 116224K, 74% used [0x00000000f1b80000,0x00000000f7077060,0x00000000f8d00000)
  to   space 116224K, 0% used [0x00000000f8e80000,0x00000000f8e80000,0x0000000100000000)
 ParOldGen       total 643584K, used 619672K [0x00000000c0000000, 0x00000000e7480000, 0x00000000eaa80000)
  object space 643584K, 96% used [0x00000000c0000000,0x00000000e5d26168,0x00000000e7480000)
 PSPermGen       total 21504K, used 5887K [0x00000000bae00000, 0x00000000bc300000, 0x00000000c0000000)
  object space 21504K, 27% used [0x00000000bae00000,0x00000000bb3bfe08,0x00000000bc300000)

