# JRE version: Java(TM) SE Runtime Environment (7.0_80-b15) (build 1.7.0_80-b15)
# Java VM: Java HotSpot(TM) 64-Bit Server VM (24.80-b11 mixed mode linux-amd64 compressed oops)
Heap
 PSYoungGen      total 172032K, used 26960K [0x00000000eaa80000, 0x00000000ff980000, 0x0000000100000000)
  eden space 117248K, 0% used [0x00000000eaa80000,0x00000000eaa80000,0x00000000f1d00000)
  from space 54784K, 49% used [0x00000000f1d00000,0x00000000f3754218,0x00000000f5280000)
  to   space 112128K, 0% used [0x00000000f8c00000,0x00000000f8c00000,0x00000000ff980000)
 ParOldGen       total 351744K, used 351565K [0x00000000c0000000, 0x00000000d5780000, 0x00000000eaa80000)
  object space 351744K, 99% used [0x00000000c0000000,0x00000000d5753500,0x00000000d5780000)
 PSPermGen       total 21504K, used 5850K [0x00000000bae00000, 0x00000000bc300000, 0x00000000c0000000)
  object space 21504K, 27% used [0x00000000bae00000,0x00000000bb3b6a70,0x00000000bc300000)
GC Heap History (10 events):
Event: 49.438 GC heap after
Heap after GC invocations=21 (full 4):
 PSYoungGen      total 179712K, used 51813K [0x00000000eaa80000, 0x00000000ff500000, 0x0000000100000000)
  eden space 127488K, 0% used [0x00000000eaa80000,0x00000000eaa80000,0x00000000f2700000)
  from space 52224K, 99% used [0x00000000f2700000,0x00000000f5999470,0x00000000f5a00000)
  to   space 105472K, 0% used [0x00000000f8e00000,0x00000000f8e00000,0x00000000ff500000)
 ParOldGen       total 351744K, used 255766K [0x00000000c0000000, 0x00000000d5780000, 0x00000000eaa80000)
  object space 351744K, 72% used [0x00000000c0000000,0x00000000cf9c5b50,0x00000000d5780000)
 PSPermGen       total 21504K, used 5808K [0x00000000bae00000, 0x00000000bc300000, 0x00000000c0000000)
  object space 21504K, 27% used [0x00000000bae00000,0x00000000bb3ac298,0x00000000bc300000)
}
Event: 49.879 GC heap before
{Heap before GC invocations=22 (full 4):
 PSYoungGen      total 179712K, used 179301K [0x00000000eaa80000, 0x00000000ff500000, 0x0000000100000000)
  eden space 127488K, 100% used [0x00000000eaa80000,0x00000000f2700000,0x00000000f2700000)
  from space 52224K, 99% used [0x00000000f2700000,0x00000000f5999470,0x00000000f5a00000)
  to   space 105472K, 0% used [0x00000000f8e00000,0x00000000f8e00000,0x00000000ff500000)
 ParOldGen       total 351744K, used 255766K [0x00000000c0000000, 0x00000000d5780000, 0x00000000eaa80000)
  object space 351744K, 72% used [0x00000000c0000000,0x00000000cf9c5b50,0x00000000d5780000)
 PSPermGen       total 21504K, used 5832K [0x00000000bae00000, 0x00000000bc300000, 0x00000000c0000000)
  object space 21504K, 27% used [0x00000000bae00000,0x00000000bb3b22f0,0x00000000bc300000)
Event: 49.981 GC heap after
Heap after GC invocations=22 (full 4):
 PSYoungGen      total 229376K, used 70095K [0x00000000eaa80000, 0x0000000100000000, 0x0000000100000000)
  eden space 123904K, 0% used [0x00000000eaa80000,0x00000000eaa80000,0x00000000f2380000)
  from space 105472K, 66% used [0x00000000f8e00000,0x00000000fd273d50,0x00000000ff500000)
  to   space 109056K, 0% used [0x00000000f2380000,0x00000000f2380000,0x00000000f8e00000)
 ParOldGen       total 351744K, used 255766K [0x00000000c0000000, 0x00000000d5780000, 0x00000000eaa80000)
  object space 351744K, 72% used [0x00000000c0000000,0x00000000cf9c5b50,0x00000000d5780000)
 PSPermGen       total 21504K, used 5832K [0x00000000bae00000, 0x00000000bc300000, 0x00000000c0000000)
  object space 21504K, 27% used [0x00000000bae00000,0x00000000bb3b22f0,0x00000000bc300000)
}
Event: 50.434 GC heap before
{Heap before GC invocations=23 (full 4):
 PSYoungGen      total 229376K, used 193999K [0x00000000eaa80000, 0x0000000100000000, 0x0000000100000000)
  eden space 123904K, 100% used [0x00000000eaa80000,0x00000000f2380000,0x00000000f2380000)
  from space 105472K, 66% used [0x00000000f8e00000,0x00000000fd273d50,0x00000000ff500000)
  to   space 109056K, 0% used [0x00000000f2380000,0x00000000f2380000,0x00000000f8e00000)
 ParOldGen       total 351744K, used 255766K [0x00000000c0000000, 0x00000000d5780000, 0x00000000eaa80000)
  object space 351744K, 72% used [0x00000000c0000000,0x00000000cf9c5b50,0x00000000d5780000)
 PSPermGen       total 21504K, used 5836K [0x00000000bae00000, 0x00000000bc300000, 0x00000000c0000000)
  object space 21504K, 27% used [0x00000000bae00000,0x00000000bb3b32f0,0x00000000bc300000)
Event: 50.593 GC heap after
Heap after GC invocations=23 (full 4):
 PSYoungGen      total 232960K, used 78448K [0x00000000eaa80000, 0x0000000100000000, 0x0000000100000000)
  eden space 123904K, 0% used [0x00000000eaa80000,0x00000000eaa80000,0x00000000f2380000)
  from space 109056K, 71% used [0x00000000f2380000,0x00000000f701c3c0,0x00000000f8e00000)
  to   space 114688K, 0% used [0x00000000f9000000,0x00000000f9000000,0x0000000100000000)
 ParOldGen       total 351744K, used 266503K [0x00000000c0000000, 0x00000000d5780000, 0x00000000eaa80000)
  object space 351744K, 75% used [0x00000000c0000000,0x00000000d0441c68,0x00000000d5780000)
 PSPermGen       total 21504K, used 5836K [0x00000000bae00000, 0x00000000bc300000, 0x00000000c0000000)
  object space 21504K, 27% used [0x00000000bae00000,0x00000000bb3b32f0,0x00000000bc300000)
}
Event: 51.087 GC heap before
{Heap before GC invocations=24 (full 4):
 PSYoungGen      total 232960K, used 202352K [0x00000000eaa80000, 0x0000000100000000, 0x0000000100000000)
  eden space 123904K, 100% used [0x00000000eaa80000,0x00000000f2380000,0x00000000f2380000)
  from space 109056K, 71% used [0x00000000f2380000,0x00000000f701c3c0,0x00000000f8e00000)
  to   space 114688K, 0% used [0x00000000f9000000,0x00000000f9000000,0x0000000100000000)
 ParOldGen       total 351744K, used 266503K [0x00000000c0000000, 0x00000000d5780000, 0x00000000eaa80000)
  object space 351744K, 75% used [0x00000000c0000000,0x00000000d0441c68,0x00000000d5780000)
 PSPermGen       total 21504K, used 5843K [0x00000000bae00000, 0x00000000bc300000, 0x00000000c0000000)
  object space 21504K, 27% used [0x00000000bae00000,0x00000000bb3b4eb0,0x00000000bc300000)
Event: 51.234 GC heap after
Heap after GC invocations=24 (full 4):
 PSYoungGen      total 231936K, used 75726K [0x00000000eaa80000, 0x0000000100000000, 0x0000000100000000)
  eden space 117248K, 0% used [0x00000000eaa80000,0x00000000eaa80000,0x00000000f1d00000)
  from space 114688K, 66% used [0x00000000f9000000,0x00000000fd9f3a40,0x0000000100000000)
  to   space 116224K, 0% used [0x00000000f1d00000,0x00000000f1d00000,0x00000000f8e80000)
 ParOldGen       total 351744K, used 286629K [0x00000000c0000000, 0x00000000d5780000, 0x00000000eaa80000)
  object space 351744K, 81% used [0x00000000c0000000,0x00000000d17e95c0,0x00000000d5780000)
 PSPermGen       total 21504K, used 5843K [0x00000000bae00000, 0x00000000bc300000, 0x00000000c0000000)
  object space 21504K, 27% used [0x00000000bae00000,0x00000000bb3b4eb0,0x00000000bc300000)
}
Event: 51.808 GC heap before
{Heap before GC invocations=25 (full 4):
 PSYoungGen      total 231936K, used 192974K [0x00000000eaa80000, 0x0000000100000000, 0x0000000100000000)
  eden space 117248K, 100% used [0x00000000eaa80000,0x00000000f1d00000,0x00000000f1d00000)
  from space 114688K, 66% used [0x00000000f9000000,0x00000000fd9f3a40,0x0000000100000000)
  to   space 116224K, 0% used [0x00000000f1d00000,0x00000000f1d00000,0x00000000f8e80000)
 ParOldGen       total 351744K, used 286629K [0x00000000c0000000, 0x00000000d5780000, 0x00000000eaa80000)
  object space 351744K, 81% used [0x00000000c0000000,0x00000000d17e95c0,0x00000000d5780000)
 PSPermGen       total 21504K, used 5850K [0x00000000bae00000, 0x00000000bc300000, 0x00000000c0000000)
  object space 21504K, 27% used [0x00000000bae00000,0x00000000bb3b6bb0,0x00000000bc300000)
Event: 51.967 GC heap after
Heap after GC invocations=25 (full 4):
 PSYoungGen      total 172032K, used 54284K [0x00000000eaa80000, 0x00000000ff980000, 0x0000000100000000)
  eden space 117248K, 0% used [0x00000000eaa80000,0x00000000eaa80000,0x00000000f1d00000)
  from space 54784K, 99% used [0x00000000f1d00000,0x00000000f5203058,0x00000000f5280000)
  to   space 112128K, 0% used [0x00000000f8c00000,0x00000000f8c00000,0x00000000ff980000)
 ParOldGen       total 351744K, used 325554K [0x00000000c0000000, 0x00000000d5780000, 0x00000000eaa80000)
  object space 351744K, 92% used [0x00000000c0000000,0x00000000d3dec970,0x00000000d5780000)
 PSPermGen       total 21504K, used 5850K [0x00000000bae00000, 0x00000000bc300000, 0x00000000c0000000)
  object space 21504K, 27% used [0x00000000bae00000,0x00000000bb3b6bb0,0x00000000bc300000)
}
Event: 51.968 GC heap before
{Heap before GC invocations=26 (full 5):
 PSYoungGen      total 172032K, used 54284K [0x00000000eaa80000, 0x00000000ff980000, 0x0000000100000000)
  eden space 117248K, 0% used [0x00000000eaa80000,0x00000000eaa80000,0x00000000f1d00000)
  from space 54784K, 99% used [0x00000000f1d00000,0x00000000f5203058,0x00000000f5280000)
  to   space 112128K, 0% used [0x00000000f8c00000,0x00000000f8c00000,0x00000000ff980000)
 ParOldGen       total 351744K, used 325554K [0x00000000c0000000, 0x00000000d5780000, 0x00000000eaa80000)
  object space 351744K, 92% used [0x00000000c0000000,0x00000000d3dec970,0x00000000d5780000)
 PSPermGen       total 21504K, used 5850K [0x00000000bae00000, 0x00000000bc300000, 0x00000000c0000000)
  object space 21504K, 27% used [0x00000000bae00000,0x00000000bb3b6bb0,0x00000000bc300000)

